This file contains any messages produced by compilers while
running configure, to aid debugging if configure makes a mistake.

It was created by ClanBomber configure 2.3.0, which was
generated by GNU Autoconf 2.69.  Invocation command line was

  $ ./configure --with-boost-libdir=/usr/lib/arm-linux-gnueabihf --no-create --no-recursion

## --------- ##
## Platform. ##
## --------- ##

hostname = raspberrypi
uname -m = armv7l
uname -r = 4.4.4-v7+
uname -s = Linux
uname -v = #850 SMP Fri Mar 4 14:39:35 GMT 2016

/usr/bin/uname -p = unknown
/bin/uname -X     = unknown

/bin/arch              = unknown
/usr/bin/arch -k       = unknown
/usr/convex/getsysinfo = unknown
/usr/bin/hostinfo      = unknown
/bin/machine           = unknown
/usr/bin/oslevel       = unknown
/bin/universe          = unknown

PATH: /usr/local/sbin
PATH: /usr/local/bin
PATH: /usr/sbin
PATH: /usr/bin
PATH: /sbin
PATH: /bin
PATH: /usr/local/games
PATH: /usr/games


## ----------- ##
## Core tests. ##
## ----------- ##

configure:2192: checking for a BSD-compatible install
configure:2260: result: /usr/bin/install -c
configure:2271: checking whether build environment is sane
configure:2321: result: yes
configure:2462: checking for a thread-safe mkdir -p
configure:2501: result: /bin/mkdir -p
configure:2514: checking for gawk
configure:2544: result: no
configure:2514: checking for mawk
configure:2530: found /usr/bin/mawk
configure:2541: result: mawk
configure:2552: checking whether make sets $(MAKE)
configure:2574: result: yes
configure:2722: checking for g++
configure:2738: found /usr/bin/g++
configure:2749: result: g++
configure:2776: checking for C++ compiler version
configure:2785: g++ --version >&5
g++ (Raspbian 4.9.2-10) 4.9.2
Copyright (C) 2014 Free Software Foundation, Inc.
This is free software; see the source for copying conditions.  There is NO
warranty; not even for MERCHANTABILITY or FITNESS FOR A PARTICULAR PURPOSE.

configure:2796: $? = 0
configure:2785: g++ -v >&5
Using built-in specs.
COLLECT_GCC=g++
COLLECT_LTO_WRAPPER=/usr/lib/gcc/arm-linux-gnueabihf/4.9/lto-wrapper
Target: arm-linux-gnueabihf
Configured with: ../src/configure -v --with-pkgversion='Raspbian 4.9.2-10' --with-bugurl=file:///usr/share/doc/gcc-4.9/README.Bugs --enable-languages=c,c++,java,go,d,fortran,objc,obj-c++ --prefix=/usr --program-suffix=-4.9 --enable-shared --enable-linker-build-id --libexecdir=/usr/lib --without-included-gettext --enable-threads=posix --with-gxx-include-dir=/usr/include/c++/4.9 --libdir=/usr/lib --enable-nls --with-sysroot=/ --enable-clocale=gnu --enable-libstdcxx-debug --enable-libstdcxx-time=yes --enable-gnu-unique-object --disable-libitm --disable-libquadmath --enable-plugin --with-system-zlib --disable-browser-plugin --enable-java-awt=gtk --enable-gtk-cairo --with-java-home=/usr/lib/jvm/java-1.5.0-gcj-4.9-armhf/jre --enable-java-home --with-jvm-root-dir=/usr/lib/jvm/java-1.5.0-gcj-4.9-armhf --with-jvm-jar-dir=/usr/lib/jvm-exports/java-1.5.0-gcj-4.9-armhf --with-arch-directory=arm --with-ecj-jar=/usr/share/java/eclipse-ecj.jar --enable-objc-gc --enable-multiarch --disable-sjlj-exceptions --with-arch=armv6 --with-fpu=vfp --with-float=hard --enable-checking=release --build=arm-linux-gnueabihf --host=arm-linux-gnueabihf --target=arm-linux-gnueabihf
Thread model: posix
gcc version 4.9.2 (Raspbian 4.9.2-10) 
configure:2796: $? = 0
configure:2785: g++ -V >&5
g++: error: unrecognized command line option '-V'
g++: fatal error: no input files
compilation terminated.
configure:2796: $? = 4
configure:2785: g++ -qversion >&5
g++: error: unrecognized command line option '-qversion'
g++: fatal error: no input files
compilation terminated.
configure:2796: $? = 4
configure:2816: checking whether the C++ compiler works
configure:2838: g++ -std=c++11 -Ofast -mcpu=cortex-a53 -mfpu=neon-fp-armv8 -mfloat-abi=hard -ftree-vectorize -ftree-vectorizer-verbose=2 -lpthread -DNDEBUG   conftest.cpp  >&5
configure:2842: $? = 0
configure:2890: result: yes
configure:2893: checking for C++ compiler default output file name
configure:2895: result: a.out
configure:2901: checking for suffix of executables
configure:2908: g++ -o conftest -std=c++11 -Ofast -mcpu=cortex-a53 -mfpu=neon-fp-armv8 -mfloat-abi=hard -ftree-vectorize -ftree-vectorizer-verbose=2 -lpthread -DNDEBUG   conftest.cpp  >&5
configure:2912: $? = 0
configure:2934: result: 
configure:2956: checking whether we are cross compiling
configure:2964: g++ -o conftest -std=c++11 -Ofast -mcpu=cortex-a53 -mfpu=neon-fp-armv8 -mfloat-abi=hard -ftree-vectorize -ftree-vectorizer-verbose=2 -lpthread -DNDEBUG   conftest.cpp  >&5
configure:2968: $? = 0
configure:2975: ./conftest
configure:2979: $? = 0
configure:2994: result: no
configure:2999: checking for suffix of object files
configure:3021: g++ -c -std=c++11 -Ofast -mcpu=cortex-a53 -mfpu=neon-fp-armv8 -mfloat-abi=hard -ftree-vectorize -ftree-vectorizer-verbose=2 -lpthread -DNDEBUG  conftest.cpp >&5
configure:3025: $? = 0
configure:3046: result: o
configure:3050: checking whether we are using the GNU C++ compiler
configure:3069: g++ -c -std=c++11 -Ofast -mcpu=cortex-a53 -mfpu=neon-fp-armv8 -mfloat-abi=hard -ftree-vectorize -ftree-vectorizer-verbose=2 -lpthread -DNDEBUG  conftest.cpp >&5
configure:3069: $? = 0
configure:3078: result: yes
configure:3087: checking whether g++ accepts -g
configure:3107: g++ -c -g  conftest.cpp >&5
configure:3107: $? = 0
configure:3148: result: yes
configure:3182: checking for style of include used by make
configure:3210: result: GNU
configure:3235: checking dependency style of g++
configure:3345: result: gcc3
configure:3372: checking how to run the C++ preprocessor
configure:3399: g++ -E  conftest.cpp
configure:3399: $? = 0
configure:3413: g++ -E  conftest.cpp
conftest.cpp:11:28: fatal error: ac_nonexistent.h: No such file or directory
 #include <ac_nonexistent.h>
                            ^
compilation terminated.
configure:3413: $? = 1
configure: failed program was:
| /* confdefs.h */
| #define PACKAGE_NAME "ClanBomber"
| #define PACKAGE_TARNAME "clanbomber"
| #define PACKAGE_VERSION "2.3.0"
| #define PACKAGE_STRING "ClanBomber 2.3.0"
| #define PACKAGE_BUGREPORT "rsl@members.fsf.org"
| #define PACKAGE_URL ""
| #define PACKAGE "clanbomber"
| #define VERSION "2.3.0"
| /* end confdefs.h.  */
| #include <ac_nonexistent.h>
configure:3438: result: g++ -E
configure:3458: g++ -E  conftest.cpp
configure:3458: $? = 0
configure:3472: g++ -E  conftest.cpp
conftest.cpp:11:28: fatal error: ac_nonexistent.h: No such file or directory
 #include <ac_nonexistent.h>
                            ^
compilation terminated.
configure:3472: $? = 1
configure: failed program was:
| /* confdefs.h */
| #define PACKAGE_NAME "ClanBomber"
| #define PACKAGE_TARNAME "clanbomber"
| #define PACKAGE_VERSION "2.3.0"
| #define PACKAGE_STRING "ClanBomber 2.3.0"
| #define PACKAGE_BUGREPORT "rsl@members.fsf.org"
| #define PACKAGE_URL ""
| #define PACKAGE "clanbomber"
| #define VERSION "2.3.0"
| /* end confdefs.h.  */
| #include <ac_nonexistent.h>
configure:3501: checking for grep that handles long lines and -e
configure:3559: result: /bin/grep
configure:3564: checking for egrep
configure:3626: result: /bin/grep -E
configure:3631: checking for ANSI C header files
configure:3651: g++ -c -std=c++11 -Ofast -mcpu=cortex-a53 -mfpu=neon-fp-armv8 -mfloat-abi=hard -ftree-vectorize -ftree-vectorizer-verbose=2 -lpthread -DNDEBUG  conftest.cpp >&5
configure:3651: $? = 0
configure:3724: g++ -o conftest -std=c++11 -Ofast -mcpu=cortex-a53 -mfpu=neon-fp-armv8 -mfloat-abi=hard -ftree-vectorize -ftree-vectorizer-verbose=2 -lpthread -DNDEBUG   conftest.cpp  >&5
configure:3724: $? = 0
configure:3724: ./conftest
configure:3724: $? = 0
configure:3735: result: yes
configure:3748: checking for sys/types.h
configure:3748: g++ -c -std=c++11 -Ofast -mcpu=cortex-a53 -mfpu=neon-fp-armv8 -mfloat-abi=hard -ftree-vectorize -ftree-vectorizer-verbose=2 -lpthread -DNDEBUG  conftest.cpp >&5
configure:3748: $? = 0
configure:3748: result: yes
configure:3748: checking for sys/stat.h
configure:3748: g++ -c -std=c++11 -Ofast -mcpu=cortex-a53 -mfpu=neon-fp-armv8 -mfloat-abi=hard -ftree-vectorize -ftree-vectorizer-verbose=2 -lpthread -DNDEBUG  conftest.cpp >&5
configure:3748: $? = 0
configure:3748: result: yes
configure:3748: checking for stdlib.h
configure:3748: g++ -c -std=c++11 -Ofast -mcpu=cortex-a53 -mfpu=neon-fp-armv8 -mfloat-abi=hard -ftree-vectorize -ftree-vectorizer-verbose=2 -lpthread -DNDEBUG  conftest.cpp >&5
configure:3748: $? = 0
configure:3748: result: yes
configure:3748: checking for string.h
configure:3748: g++ -c -std=c++11 -Ofast -mcpu=cortex-a53 -mfpu=neon-fp-armv8 -mfloat-abi=hard -ftree-vectorize -ftree-vectorizer-verbose=2 -lpthread -DNDEBUG  conftest.cpp >&5
configure:3748: $? = 0
configure:3748: result: yes
configure:3748: checking for memory.h
configure:3748: g++ -c -std=c++11 -Ofast -mcpu=cortex-a53 -mfpu=neon-fp-armv8 -mfloat-abi=hard -ftree-vectorize -ftree-vectorizer-verbose=2 -lpthread -DNDEBUG  conftest.cpp >&5
configure:3748: $? = 0
configure:3748: result: yes
configure:3748: checking for strings.h
configure:3748: g++ -c -std=c++11 -Ofast -mcpu=cortex-a53 -mfpu=neon-fp-armv8 -mfloat-abi=hard -ftree-vectorize -ftree-vectorizer-verbose=2 -lpthread -DNDEBUG  conftest.cpp >&5
configure:3748: $? = 0
configure:3748: result: yes
configure:3748: checking for inttypes.h
configure:3748: g++ -c -std=c++11 -Ofast -mcpu=cortex-a53 -mfpu=neon-fp-armv8 -mfloat-abi=hard -ftree-vectorize -ftree-vectorizer-verbose=2 -lpthread -DNDEBUG  conftest.cpp >&5
configure:3748: $? = 0
configure:3748: result: yes
configure:3748: checking for stdint.h
configure:3748: g++ -c -std=c++11 -Ofast -mcpu=cortex-a53 -mfpu=neon-fp-armv8 -mfloat-abi=hard -ftree-vectorize -ftree-vectorizer-verbose=2 -lpthread -DNDEBUG  conftest.cpp >&5
configure:3748: $? = 0
configure:3748: result: yes
configure:3748: checking for unistd.h
configure:3748: g++ -c -std=c++11 -Ofast -mcpu=cortex-a53 -mfpu=neon-fp-armv8 -mfloat-abi=hard -ftree-vectorize -ftree-vectorizer-verbose=2 -lpthread -DNDEBUG  conftest.cpp >&5
configure:3748: $? = 0
configure:3748: result: yes
configure:3760: checking whether byte ordering is bigendian
configure:3775: g++ -c -std=c++11 -Ofast -mcpu=cortex-a53 -mfpu=neon-fp-armv8 -mfloat-abi=hard -ftree-vectorize -ftree-vectorizer-verbose=2 -lpthread -DNDEBUG  conftest.cpp >&5
conftest.cpp:22:9: error: expected unqualified-id before 'not' token
         not a universal capable compiler
         ^
configure:3775: $? = 1
configure: failed program was:
| /* confdefs.h */
| #define PACKAGE_NAME "ClanBomber"
| #define PACKAGE_TARNAME "clanbomber"
| #define PACKAGE_VERSION "2.3.0"
| #define PACKAGE_STRING "ClanBomber 2.3.0"
| #define PACKAGE_BUGREPORT "rsl@members.fsf.org"
| #define PACKAGE_URL ""
| #define PACKAGE "clanbomber"
| #define VERSION "2.3.0"
| #define STDC_HEADERS 1
| #define HAVE_SYS_TYPES_H 1
| #define HAVE_SYS_STAT_H 1
| #define HAVE_STDLIB_H 1
| #define HAVE_STRING_H 1
| #define HAVE_MEMORY_H 1
| #define HAVE_STRINGS_H 1
| #define HAVE_INTTYPES_H 1
| #define HAVE_STDINT_H 1
| #define HAVE_UNISTD_H 1
| /* end confdefs.h.  */
| #ifndef __APPLE_CC__
| 	       not a universal capable compiler
| 	     #endif
| 	     typedef int dummy;
| 
configure:3820: g++ -c -std=c++11 -Ofast -mcpu=cortex-a53 -mfpu=neon-fp-armv8 -mfloat-abi=hard -ftree-vectorize -ftree-vectorizer-verbose=2 -lpthread -DNDEBUG  conftest.cpp >&5
configure:3820: $? = 0
configure:3838: g++ -c -std=c++11 -Ofast -mcpu=cortex-a53 -mfpu=neon-fp-armv8 -mfloat-abi=hard -ftree-vectorize -ftree-vectorizer-verbose=2 -lpthread -DNDEBUG  conftest.cpp >&5
conftest.cpp: In function 'int main()':
conftest.cpp:28:8: error: 'big' was not declared in this scope
    not big endian
        ^
configure:3838: $? = 1
configure: failed program was:
| /* confdefs.h */
| #define PACKAGE_NAME "ClanBomber"
| #define PACKAGE_TARNAME "clanbomber"
| #define PACKAGE_VERSION "2.3.0"
| #define PACKAGE_STRING "ClanBomber 2.3.0"
| #define PACKAGE_BUGREPORT "rsl@members.fsf.org"
| #define PACKAGE_URL ""
| #define PACKAGE "clanbomber"
| #define VERSION "2.3.0"
| #define STDC_HEADERS 1
| #define HAVE_SYS_TYPES_H 1
| #define HAVE_SYS_STAT_H 1
| #define HAVE_STDLIB_H 1
| #define HAVE_STRING_H 1
| #define HAVE_MEMORY_H 1
| #define HAVE_STRINGS_H 1
| #define HAVE_INTTYPES_H 1
| #define HAVE_STDINT_H 1
| #define HAVE_UNISTD_H 1
| /* end confdefs.h.  */
| #include <sys/types.h>
| 		#include <sys/param.h>
| 
| int
| main ()
| {
| #if BYTE_ORDER != BIG_ENDIAN
| 		 not big endian
| 		#endif
| 
|   ;
|   return 0;
| }
configure:3966: result: no
configure:4027: checking for ranlib
configure:4043: found /usr/bin/ranlib
configure:4054: result: ranlib
configure:4078: checking whether NLS is requested
configure:4087: result: yes
configure:4128: checking for msgfmt
configure: trying /usr/bin/msgfmt...
0 translated messages.
configure:4160: result: /usr/bin/msgfmt
configure:4169: checking for gmsgfmt
configure:4200: result: /usr/bin/msgfmt
configure:4251: checking for xgettext
configure: trying /usr/bin/xgettext...
/usr/bin/xgettext: warning: file '/dev/null' extension '' is unknown; will try C
configure:4283: result: /usr/bin/xgettext
configure:4329: checking for msgmerge
configure: trying /usr/bin/msgmerge...
configure:4360: result: /usr/bin/msgmerge
configure:4441: checking for gcc
configure:4457: found /usr/bin/gcc
configure:4468: result: gcc
configure:4697: checking for C compiler version
configure:4706: gcc --version >&5
gcc (Raspbian 4.9.2-10) 4.9.2
Copyright (C) 2014 Free Software Foundation, Inc.
This is free software; see the source for copying conditions.  There is NO
warranty; not even for MERCHANTABILITY or FITNESS FOR A PARTICULAR PURPOSE.

configure:4717: $? = 0
configure:4706: gcc -v >&5
Using built-in specs.
COLLECT_GCC=gcc
COLLECT_LTO_WRAPPER=/usr/lib/gcc/arm-linux-gnueabihf/4.9/lto-wrapper
Target: arm-linux-gnueabihf
Configured with: ../src/configure -v --with-pkgversion='Raspbian 4.9.2-10' --with-bugurl=file:///usr/share/doc/gcc-4.9/README.Bugs --enable-languages=c,c++,java,go,d,fortran,objc,obj-c++ --prefix=/usr --program-suffix=-4.9 --enable-shared --enable-linker-build-id --libexecdir=/usr/lib --without-included-gettext --enable-threads=posix --with-gxx-include-dir=/usr/include/c++/4.9 --libdir=/usr/lib --enable-nls --with-sysroot=/ --enable-clocale=gnu --enable-libstdcxx-debug --enable-libstdcxx-time=yes --enable-gnu-unique-object --disable-libitm --disable-libquadmath --enable-plugin --with-system-zlib --disable-browser-plugin --enable-java-awt=gtk --enable-gtk-cairo --with-java-home=/usr/lib/jvm/java-1.5.0-gcj-4.9-armhf/jre --enable-java-home --with-jvm-root-dir=/usr/lib/jvm/java-1.5.0-gcj-4.9-armhf --with-jvm-jar-dir=/usr/lib/jvm-exports/java-1.5.0-gcj-4.9-armhf --with-arch-directory=arm --with-ecj-jar=/usr/share/java/eclipse-ecj.jar --enable-objc-gc --enable-multiarch --disable-sjlj-exceptions --with-arch=armv6 --with-fpu=vfp --with-float=hard --enable-checking=release --build=arm-linux-gnueabihf --host=arm-linux-gnueabihf --target=arm-linux-gnueabihf
Thread model: posix
gcc version 4.9.2 (Raspbian 4.9.2-10) 
configure:4717: $? = 0
configure:4706: gcc -V >&5
gcc: error: unrecognized command line option '-V'
gcc: fatal error: no input files
compilation terminated.
configure:4717: $? = 4
configure:4706: gcc -qversion >&5
gcc: error: unrecognized command line option '-qversion'
gcc: fatal error: no input files
compilation terminated.
configure:4717: $? = 4
configure:4721: checking whether we are using the GNU C compiler
configure:4740: gcc -c -std=c++11 -Ofast -mcpu=cortex-a53 -mfpu=neon-fp-armv8 -mfloat-abi=hard -ftree-vectorize -ftree-vectorizer-verbose=2 -lpthread -DNDEBUG  conftest.c >&5
cc1: warning: command line option '-std=c++11' is valid for C++/ObjC++ but not for C
configure:4740: $? = 0
configure:4749: result: yes
configure:4758: checking whether gcc accepts -g
configure:4778: gcc -c -g  conftest.c >&5
configure:4778: $? = 0
configure:4819: result: yes
configure:4836: checking for gcc option to accept ISO C89
configure:4899: gcc  -c -std=c++11 -Ofast -mcpu=cortex-a53 -mfpu=neon-fp-armv8 -mfloat-abi=hard -ftree-vectorize -ftree-vectorizer-verbose=2 -lpthread -DNDEBUG  conftest.c >&5
cc1: warning: command line option '-std=c++11' is valid for C++/ObjC++ but not for C
configure:4899: $? = 0
configure:4912: result: none needed
configure:4934: checking dependency style of gcc
configure:5044: result: gcc3
configure:5063: checking build system type
configure:5077: result: armv7l-unknown-linux-gnueabi
configure:5097: checking host system type
configure:5110: result: armv7l-unknown-linux-gnueabi
configure:5154: checking for ld used by GCC
configure:5218: result: /usr/bin/ld
configure:5225: checking if the linker (/usr/bin/ld) is GNU ld
configure:5238: result: yes
configure:5245: checking for shared library run path origin
configure:5258: result: done
configure:5759: checking for CFPreferencesCopyAppValue
configure:5777: g++ -o conftest -std=c++11 -Ofast -mcpu=cortex-a53 -mfpu=neon-fp-armv8 -mfloat-abi=hard -ftree-vectorize -ftree-vectorizer-verbose=2 -lpthread -DNDEBUG   conftest.cpp  -Wl,-framework -Wl,CoreFoundation >&5
conftest.cpp:21:42: fatal error: CoreFoundation/CFPreferences.h: No such file or directory
 #include <CoreFoundation/CFPreferences.h>
                                          ^
compilation terminated.
configure:5777: $? = 1
configure: failed program was:
| /* confdefs.h */
| #define PACKAGE_NAME "ClanBomber"
| #define PACKAGE_TARNAME "clanbomber"
| #define PACKAGE_VERSION "2.3.0"
| #define PACKAGE_STRING "ClanBomber 2.3.0"
| #define PACKAGE_BUGREPORT "rsl@members.fsf.org"
| #define PACKAGE_URL ""
| #define PACKAGE "clanbomber"
| #define VERSION "2.3.0"
| #define STDC_HEADERS 1
| #define HAVE_SYS_TYPES_H 1
| #define HAVE_SYS_STAT_H 1
| #define HAVE_STDLIB_H 1
| #define HAVE_STRING_H 1
| #define HAVE_MEMORY_H 1
| #define HAVE_STRINGS_H 1
| #define HAVE_INTTYPES_H 1
| #define HAVE_STDINT_H 1
| #define HAVE_UNISTD_H 1
| /* end confdefs.h.  */
| #include <CoreFoundation/CFPreferences.h>
| int
| main ()
| {
| CFPreferencesCopyAppValue(NULL, NULL)
|   ;
|   return 0;
| }
configure:5786: result: no
configure:5793: checking for CFLocaleCopyCurrent
configure:5811: g++ -o conftest -std=c++11 -Ofast -mcpu=cortex-a53 -mfpu=neon-fp-armv8 -mfloat-abi=hard -ftree-vectorize -ftree-vectorizer-verbose=2 -lpthread -DNDEBUG   conftest.cpp  -Wl,-framework -Wl,CoreFoundation >&5
conftest.cpp:21:37: fatal error: CoreFoundation/CFLocale.h: No such file or directory
 #include <CoreFoundation/CFLocale.h>
                                     ^
compilation terminated.
configure:5811: $? = 1
configure: failed program was:
| /* confdefs.h */
| #define PACKAGE_NAME "ClanBomber"
| #define PACKAGE_TARNAME "clanbomber"
| #define PACKAGE_VERSION "2.3.0"
| #define PACKAGE_STRING "ClanBomber 2.3.0"
| #define PACKAGE_BUGREPORT "rsl@members.fsf.org"
| #define PACKAGE_URL ""
| #define PACKAGE "clanbomber"
| #define VERSION "2.3.0"
| #define STDC_HEADERS 1
| #define HAVE_SYS_TYPES_H 1
| #define HAVE_SYS_STAT_H 1
| #define HAVE_STDLIB_H 1
| #define HAVE_STRING_H 1
| #define HAVE_MEMORY_H 1
| #define HAVE_STRINGS_H 1
| #define HAVE_INTTYPES_H 1
| #define HAVE_STDINT_H 1
| #define HAVE_UNISTD_H 1
| /* end confdefs.h.  */
| #include <CoreFoundation/CFLocale.h>
| int
| main ()
| {
| CFLocaleCopyCurrent();
|   ;
|   return 0;
| }
configure:5820: result: no
configure:5869: checking for GNU gettext in libc
configure:5889: g++ -o conftest -std=c++11 -Ofast -mcpu=cortex-a53 -mfpu=neon-fp-armv8 -mfloat-abi=hard -ftree-vectorize -ftree-vectorizer-verbose=2 -lpthread -DNDEBUG   conftest.cpp  >&5
configure:5889: $? = 0
configure:5898: result: yes
configure:6644: checking whether to use NLS
configure:6646: result: yes
configure:6649: checking where the gettext function comes from
configure:6660: result: libc
configure:6770: checking for boostlib >= 1.55
configure:6824: g++ -c -std=c++11 -Ofast -mcpu=cortex-a53 -mfpu=neon-fp-armv8 -mfloat-abi=hard -ftree-vectorize -ftree-vectorizer-verbose=2 -lpthread -DNDEBUG  -I/usr/include conftest.cpp >&5
configure:6824: $? = 0
configure:6826: result: yes
configure:6991: checking whether the Boost::ASIO library is available
configure:7022: g++ -c -std=c++11 -Ofast -mcpu=cortex-a53 -mfpu=neon-fp-armv8 -mfloat-abi=hard -ftree-vectorize -ftree-vectorizer-verbose=2 -lpthread -DNDEBUG  -I/usr/include conftest.cpp >&5
configure:7022: $? = 0
configure:7036: result: yes
configure:7048: checking for main in -lboost_system
configure:7067: g++ -o conftest -std=c++11 -Ofast -mcpu=cortex-a53 -mfpu=neon-fp-armv8 -mfloat-abi=hard -ftree-vectorize -ftree-vectorizer-verbose=2 -lpthread -DNDEBUG  -I/usr/include  -L/usr/lib/arm-linux-gnueabihf conftest.cpp -lboost_system   >&5
configure:7067: $? = 0
configure:7077: result: yes
configure:7169: checking whether the Boost::Filesystem library is available
configure:7193: g++ -c -std=c++11 -Ofast -mcpu=cortex-a53 -mfpu=neon-fp-armv8 -mfloat-abi=hard -ftree-vectorize -ftree-vectorizer-verbose=2 -lpthread -DNDEBUG  -I/usr/include conftest.cpp >&5
configure:7193: $? = 0
configure:7207: result: yes
configure:7218: checking for exit in -lboost_filesystem
configure:7243: g++ -o conftest -std=c++11 -Ofast -mcpu=cortex-a53 -mfpu=neon-fp-armv8 -mfloat-abi=hard -ftree-vectorize -ftree-vectorizer-verbose=2 -lpthread -DNDEBUG  -I/usr/include  -L/usr/lib/arm-linux-gnueabihf conftest.cpp -lboost_filesystem   >&5
configure:7243: $? = 0
configure:7253: result: yes
configure:7401: checking whether the Boost::System library is available
configure:7425: g++ -c -std=c++11 -Ofast -mcpu=cortex-a53 -mfpu=neon-fp-armv8 -mfloat-abi=hard -ftree-vectorize -ftree-vectorizer-verbose=2 -lpthread -DNDEBUG  -I/usr/include conftest.cpp >&5
configure:7425: $? = 0
configure:7440: result: yes
configure:7455: checking for exit in -lboost_system
configure:7480: g++ -o conftest -std=c++11 -Ofast -mcpu=cortex-a53 -mfpu=neon-fp-armv8 -mfloat-abi=hard -ftree-vectorize -ftree-vectorizer-verbose=2 -lpthread -DNDEBUG  -I/usr/include  -L/usr/lib/arm-linux-gnueabihf conftest.cpp -lboost_system   >&5
configure:7480: $? = 0
configure:7490: result: yes
configure:7667: checking for pkg-config
configure:7685: found /usr/bin/pkg-config
configure:7697: result: /usr/bin/pkg-config
configure:7722: checking pkg-config is at least version 0.9.0
configure:7725: result: yes
configure:7735: checking for SDL
configure:7742: $PKG_CONFIG --exists --print-errors "sdl >= 1.2.0"
configure:7745: $? = 0
configure:7758: $PKG_CONFIG --exists --print-errors "sdl >= 1.2.0"
configure:7761: $? = 0
configure:7800: result: yes
configure:7811: checking for IMG_Load in -lSDL_image
configure:7836: g++ -o conftest -std=c++11 -Ofast -mcpu=cortex-a53 -mfpu=neon-fp-armv8 -mfloat-abi=hard -ftree-vectorize -ftree-vectorizer-verbose=2 -lpthread -DNDEBUG   conftest.cpp -lSDL_image   >&5
configure:7836: $? = 0
configure:7845: result: yes
configure:7854: result: found
configure:7862: checking for Mix_OpenAudio in -lSDL_mixer
configure:7887: g++ -o conftest -std=c++11 -Ofast -mcpu=cortex-a53 -mfpu=neon-fp-armv8 -mfloat-abi=hard -ftree-vectorize -ftree-vectorizer-verbose=2 -lpthread -DNDEBUG   conftest.cpp -lSDL_mixer   >&5
configure:7887: $? = 0
configure:7896: result: yes
configure:7911: checking for TTF_OpenFont in -lSDL_ttf
configure:7936: g++ -o conftest -std=c++11 -Ofast -mcpu=cortex-a53 -mfpu=neon-fp-armv8 -mfloat-abi=hard -ftree-vectorize -ftree-vectorizer-verbose=2 -lpthread -DNDEBUG   conftest.cpp -lSDL_ttf   >&5
configure:7936: $? = 0
configure:7945: result: yes
configure:7960: checking for zoomSurface in -lSDL_gfx
configure:7985: g++ -o conftest -std=c++11 -Ofast -mcpu=cortex-a53 -mfpu=neon-fp-armv8 -mfloat-abi=hard -ftree-vectorize -ftree-vectorizer-verbose=2 -lpthread -DNDEBUG   conftest.cpp -lSDL_gfx   >&5
configure:7985: $? = 0
configure:7994: result: yes
configure:8648: creating ./config.status

## ---------------- ##
## Cache variables. ##
## ---------------- ##

ac_cv_build=armv7l-unknown-linux-gnueabi
ac_cv_c_bigendian=no
ac_cv_c_compiler_gnu=yes
ac_cv_cxx_compiler_gnu=yes
ac_cv_env_CCC_set=
ac_cv_env_CCC_value=
ac_cv_env_CC_set=
ac_cv_env_CC_value=
ac_cv_env_CFLAGS_set=
ac_cv_env_CFLAGS_value=
ac_cv_env_CPPFLAGS_set=
ac_cv_env_CPPFLAGS_value=
ac_cv_env_CXXCPP_set=
ac_cv_env_CXXCPP_value=
ac_cv_env_CXXFLAGS_set=
ac_cv_env_CXXFLAGS_value=
ac_cv_env_CXX_set=
ac_cv_env_CXX_value=
ac_cv_env_LDFLAGS_set=
ac_cv_env_LDFLAGS_value=
ac_cv_env_LIBGUILE_CFLAGS_set=
ac_cv_env_LIBGUILE_CFLAGS_value=
ac_cv_env_LIBGUILE_LIBS_set=
ac_cv_env_LIBGUILE_LIBS_value=
ac_cv_env_LIBS_set=
ac_cv_env_LIBS_value=
ac_cv_env_PKG_CONFIG_LIBDIR_set=
ac_cv_env_PKG_CONFIG_LIBDIR_value=
ac_cv_env_PKG_CONFIG_PATH_set=
ac_cv_env_PKG_CONFIG_PATH_value=
ac_cv_env_PKG_CONFIG_set=
ac_cv_env_PKG_CONFIG_value=
ac_cv_env_SDL_CFLAGS_set=
ac_cv_env_SDL_CFLAGS_value=
ac_cv_env_SDL_LIBS_set=
ac_cv_env_SDL_LIBS_value=
ac_cv_env_build_alias_set=
ac_cv_env_build_alias_value=
ac_cv_env_host_alias_set=
ac_cv_env_host_alias_value=
ac_cv_env_target_alias_set=
ac_cv_env_target_alias_value=
ac_cv_header_inttypes_h=yes
ac_cv_header_memory_h=yes
ac_cv_header_stdc=yes
ac_cv_header_stdint_h=yes
ac_cv_header_stdlib_h=yes
ac_cv_header_string_h=yes
ac_cv_header_strings_h=yes
ac_cv_header_sys_stat_h=yes
ac_cv_header_sys_types_h=yes
ac_cv_header_unistd_h=yes
ac_cv_host=armv7l-unknown-linux-gnueabi
ac_cv_lib_SDL_gfx_zoomSurface=yes
ac_cv_lib_SDL_image_IMG_Load=yes
ac_cv_lib_SDL_mixer_Mix_OpenAudio=yes
ac_cv_lib_SDL_ttf_TTF_OpenFont=yes
ac_cv_lib_boost_filesystem___exit=yes
ac_cv_lib_boost_system___exit=yes
ac_cv_lib_boost_system___main=yes
ac_cv_objext=o
ac_cv_path_EGREP='/bin/grep -E'
ac_cv_path_GMSGFMT=/usr/bin/msgfmt
ac_cv_path_GREP=/bin/grep
ac_cv_path_MSGFMT=/usr/bin/msgfmt
ac_cv_path_MSGMERGE=/usr/bin/msgmerge
ac_cv_path_XGETTEXT=/usr/bin/xgettext
ac_cv_path_ac_pt_PKG_CONFIG=/usr/bin/pkg-config
ac_cv_path_install='/usr/bin/install -c'
ac_cv_path_mkdir=/bin/mkdir
ac_cv_prog_AWK=mawk
ac_cv_prog_CXXCPP='g++ -E'
ac_cv_prog_ac_ct_CC=gcc
ac_cv_prog_ac_ct_CXX=g++
ac_cv_prog_ac_ct_RANLIB=ranlib
ac_cv_prog_cc_c89=
ac_cv_prog_cc_g=yes
ac_cv_prog_cxx_g=yes
ac_cv_prog_make_make_set=yes
acl_cv_hardcode_direct=no
acl_cv_hardcode_libdir_flag_spec='${wl}-rpath ${wl}$libdir'
acl_cv_hardcode_libdir_separator=
acl_cv_hardcode_minus_L=no
acl_cv_libext=a
acl_cv_libname_spec='lib$name'
acl_cv_library_names_spec='$libname$shrext'
acl_cv_path_LD=/usr/bin/ld
acl_cv_prog_gnu_ld=yes
acl_cv_rpath=done
acl_cv_shlibext=so
acl_cv_wl=-Wl,
am_cv_CC_dependencies_compiler_type=gcc3
am_cv_CXX_dependencies_compiler_type=gcc3
ax_cv_boost_asio=yes
ax_cv_boost_filesystem=yes
ax_cv_boost_system=yes
gt_cv_func_CFLocaleCopyCurrent=no
gt_cv_func_CFPreferencesCopyAppValue=no
gt_cv_func_gnugettext1_libc=yes
pkg_cv_SDL_CFLAGS='-D_GNU_SOURCE=1 -D_REENTRANT -I/usr/include/SDL '
pkg_cv_SDL_LIBS='-lSDL '

## ----------------- ##
## Output variables. ##
## ----------------- ##

ACLOCAL='${SHELL} /home/pi/clanbomber-2.3/missing --run aclocal-1.11'
AMDEPBACKSLASH='\'
AMDEP_FALSE='#'
AMDEP_TRUE=''
AMTAR='${SHELL} /home/pi/clanbomber-2.3/missing --run tar'
AUTOCONF='${SHELL} /home/pi/clanbomber-2.3/missing --run autoconf'
AUTOHEADER='${SHELL} /home/pi/clanbomber-2.3/missing --run autoheader'
AUTOMAKE='${SHELL} /home/pi/clanbomber-2.3/missing --run automake-1.11'
AWK='mawk'
BOOST_ASIO_LIB='-lboost_system'
BOOST_CPPFLAGS='-I/usr/include'
BOOST_FILESYSTEM_LIB='-lboost_filesystem'
BOOST_LDFLAGS='-L/usr/lib/arm-linux-gnueabihf'
BOOST_SYSTEM_LIB='-lboost_system'
BOOST_THREAD_LIB=''
CC='gcc'
CCDEPMODE='depmode=gcc3'
CFLAGS='-std=c++11 -Ofast -mcpu=cortex-a53 -mfpu=neon-fp-armv8 -mfloat-abi=hard -ftree-vectorize -ftree-vectorizer-verbose=2 -lpthread -DNDEBUG'
CPPFLAGS=''
CXX='g++'
CXXCPP='g++ -E'
CXXDEPMODE='depmode=gcc3'
CXXFLAGS='-std=c++11 -Ofast -mcpu=cortex-a53 -mfpu=neon-fp-armv8 -mfloat-abi=hard -ftree-vectorize -ftree-vectorizer-verbose=2 -lpthread -DNDEBUG'
CYGPATH_W='echo'
DEFS='-DHAVE_CONFIG_H'
DEPDIR='.deps'
ECHO_C=''
ECHO_N='-n'
ECHO_T=''
EGREP='/bin/grep -E'
ENABLE_CONSOLE_FALSE=''
ENABLE_CONSOLE_TRUE='#'
EXEEXT=''
GETTEXT_MACRO_VERSION='0.17'
GMSGFMT='/usr/bin/msgfmt'
GMSGFMT_015='/usr/bin/msgfmt'
GREP='/bin/grep'
INSTALL_DATA='${INSTALL} -m 644'
INSTALL_PROGRAM='${INSTALL}'
INSTALL_SCRIPT='${INSTALL}'
INSTALL_STRIP_PROGRAM='$(install_sh) -c -s'
INTLLIBS=''
INTL_MACOSX_LIBS=''
LDFLAGS=''
LIBGUILE_CFLAGS=''
LIBGUILE_LIBS=''
LIBICONV='-liconv'
LIBINTL=''
LIBOBJS=''
LIBS=''
LTLIBICONV='-liconv'
LTLIBINTL=''
LTLIBOBJS=''
MAKEINFO='${SHELL} /home/pi/clanbomber-2.3/missing --run makeinfo'
MKDIR_P='/bin/mkdir -p'
MSGFMT='/usr/bin/msgfmt'
MSGFMT_015='/usr/bin/msgfmt'
MSGMERGE='/usr/bin/msgmerge'
OBJEXT='o'
PACKAGE='clanbomber'
PACKAGE_BUGREPORT='rsl@members.fsf.org'
PACKAGE_NAME='ClanBomber'
PACKAGE_STRING='ClanBomber 2.3.0'
PACKAGE_TARNAME='clanbomber'
PACKAGE_URL=''
PACKAGE_VERSION='2.3.0'
PATH_SEPARATOR=':'
PKG_CONFIG='/usr/bin/pkg-config'
PKG_CONFIG_LIBDIR=''
PKG_CONFIG_PATH=''
POSUB='po'
RANLIB='ranlib'
RELATIVE_DATADIR='${datarootdir}'
SDL_CFLAGS='-D_GNU_SOURCE=1 -D_REENTRANT -I/usr/include/SDL '
SDL_GFX_LIBS='-lSDL_gfx'
SDL_IMAGE_LIBS='-lSDL_image'
SDL_LIBS='-lSDL '
SDL_MIXER_LIBS='-lSDL_mixer'
SDL_TTF_LIBS='-lSDL_ttf'
SET_MAKE=''
SHELL='/bin/bash'
STRIP=''
USE_NLS='yes'
VERSION='2.3.0'
XGETTEXT='/usr/bin/xgettext'
XGETTEXT_015='/usr/bin/xgettext'
XGETTEXT_EXTRA_OPTIONS=''
ac_ct_CC='gcc'
ac_ct_CXX='g++'
am__EXEEXT_FALSE=''
am__EXEEXT_TRUE='#'
am__fastdepCC_FALSE='#'
am__fastdepCC_TRUE=''
am__fastdepCXX_FALSE='#'
am__fastdepCXX_TRUE=''
am__include='include'
am__isrc=''
am__leading_dot='.'
am__quote=''
am__tar='${AMTAR} chof - "$$tardir"'
am__untar='${AMTAR} xf -'
bindir='${exec_prefix}/bin'
build='armv7l-unknown-linux-gnueabi'
build_alias=''
build_cpu='armv7l'
build_os='linux-gnueabi'
build_vendor='unknown'
datadir='${datarootdir}'
datarootdir='${prefix}/share'
docdir='${datarootdir}/doc/${PACKAGE_TARNAME}'
dvidir='${docdir}'
exec_prefix='${prefix}'
host='armv7l-unknown-linux-gnueabi'
host_alias=''
host_cpu='armv7l'
host_os='linux-gnueabi'
host_vendor='unknown'
htmldir='${docdir}'
includedir='${prefix}/include'
infodir='${datarootdir}/info'
install_sh='${SHELL} /home/pi/clanbomber-2.3/install-sh'
libdir='${exec_prefix}/lib'
libexecdir='${exec_prefix}/libexec'
localedir='${datarootdir}/locale'
localstatedir='${prefix}/var'
mandir='${datarootdir}/man'
mkdir_p='/bin/mkdir -p'
oldincludedir='/usr/include'
pdfdir='${docdir}'
prefix='/usr/local'
program_transform_name='s,x,x,'
psdir='${docdir}'
sbindir='${exec_prefix}/sbin'
sharedstatedir='${prefix}/com'
sysconfdir='${prefix}/etc'
target_alias=''

## ----------- ##
## confdefs.h. ##
## ----------- ##

/* confdefs.h */
#define PACKAGE_NAME "ClanBomber"
#define PACKAGE_TARNAME "clanbomber"
#define PACKAGE_VERSION "2.3.0"
#define PACKAGE_STRING "ClanBomber 2.3.0"
#define PACKAGE_BUGREPORT "rsl@members.fsf.org"
#define PACKAGE_URL ""
#define PACKAGE "clanbomber"
#define VERSION "2.3.0"
#define STDC_HEADERS 1
#define HAVE_SYS_TYPES_H 1
#define HAVE_SYS_STAT_H 1
#define HAVE_STDLIB_H 1
#define HAVE_STRING_H 1
#define HAVE_MEMORY_H 1
#define HAVE_STRINGS_H 1
#define HAVE_INTTYPES_H 1
#define HAVE_STDINT_H 1
#define HAVE_UNISTD_H 1
#define ENABLE_NLS 1
#define HAVE_GETTEXT 1
#define HAVE_DCGETTEXT 1
#define HAVE_BOOST /**/
#define HAVE_BOOST_ASIO /**/
#define HAVE_BOOST_FILESYSTEM /**/
#define HAVE_BOOST_SYSTEM /**/

configure: exit 0

## ---------------------- ##
## Running config.status. ##
## ---------------------- ##

This file was extended by ClanBomber config.status 2.3.0, which was
generated by GNU Autoconf 2.69.  Invocation command line was

  CONFIG_FILES    = 
  CONFIG_HEADERS  = 
  CONFIG_LINKS    = 
  CONFIG_COMMANDS = 
  $ ./config.status 

on raspberrypi

config.status:923: creating Makefile
config.status:923: creating src/Makefile
config.status:923: creating src/cbe/Makefile
config.status:923: creating src/fonts/Makefile
config.status:923: creating src/maps/Makefile
config.status:923: creating src/menuentry/Makefile
config.status:923: creating src/menuentry/clanbomber.desktop
config.status:923: creating src/pics/Makefile
config.status:923: creating src/wavs/Makefile
config.status:923: creating po/Makefile.in
config.status:923: creating config.h
config.status:1104: config.h is unchanged
config.status:1152: executing depfiles commands
config.status:1152: executing po-directories commands

## ---------------------- ##
## Running config.status. ##
## ---------------------- ##

This file was extended by ClanBomber config.status 2.3.0, which was
generated by GNU Autoconf 2.69.  Invocation command line was

  CONFIG_FILES    = 
  CONFIG_HEADERS  = 
  CONFIG_LINKS    = 
  CONFIG_COMMANDS = 
  $ ./config.status config.h

on raspberrypi

config.status:923: creating config.h
config.status:1104: config.h is unchanged
